<?xml version="1.0" encoding="UTF-8"?>
<!-- Generated by org.testng.reporters.JUnitReportReporter -->
<testsuite hostname="DESKTOP-9JRIH4T" failures="0" tests="1" name="com.sam.tests.LoginTest" time="20.540" errors="0" timestamp="2023-05-15T08:34:07 IST" skipped="0">
  <testcase classname="com.sam.tests.LoginTest" name="loginTest1" time="20.540"/>
  <system-out/>
</testsuite> <!-- com.sam.tests.LoginTest -->
