<?xml version="1.0" encoding="UTF-8"?>
<!-- Generated by org.testng.reporters.JUnitReportReporter -->
<testsuite hostname="DESKTOP-9JRIH4T" failures="0" tests="1" name="com.sam.tests.OrangeHRMTest" time="30.204" errors="0" timestamp="2023-05-18T16:54:36 IST" skipped="0">
  <testcase classname="com.sam.tests.OrangeHRMTest" name="loginLogoutTest" time="30.204"/>
  <system-out/>
</testsuite> <!-- com.sam.tests.OrangeHRMTest -->
