<?xml version="1.0" encoding="UTF-8"?>
<!-- Generated by org.testng.reporters.JUnitReportReporter -->
<testsuite hostname="DESKTOP-9JRIH4T" failures="0" tests="1" name="Test.Test" time="10.811" errors="0" timestamp="2023-05-24T13:50:01 IST" skipped="0">
  <testcase classname="Test.Test" name="test1" time="10.811"/>
  <system-out/>
</testsuite> <!-- Test.Test -->
