<?xml version="1.0" encoding="UTF-8"?>
<!-- Generated by org.testng.reporters.JUnitReportReporter -->
<testsuite hostname="DESKTOP-9JRIH4T" failures="0" tests="1" name="Sample.Test" time="7.697" errors="0" timestamp="2023-05-25T13:07:15 IST" skipped="0">
  <testcase classname="Sample.Test" name="test" time="7.697"/>
  <system-out/>
</testsuite> <!-- Sample.Test -->
