<?xml version="1.0" encoding="UTF-8"?>
<!-- Generated by org.testng.reporters.JUnitReportReporter -->
<testsuite hostname="DESKTOP-9JRIH4T" failures="0" tests="1" name="com.sam.tests.ValidationOfTestCaseWithNumberOfLink" time="23.637" errors="0" timestamp="2023-05-17T21:21:28 IST" skipped="0">
  <testcase classname="com.sam.tests.ValidationOfTestCaseWithNumberOfLink" name="validationOfTestCaseWithNumberOfLink" time="23.637"/>
  <system-out/>
</testsuite> <!-- com.sam.tests.ValidationOfTestCaseWithNumberOfLink -->
