<?xml version="1.0" encoding="UTF-8"?>
<!-- Generated by org.testng.reporters.JUnitReportReporter -->
<testsuite hostname="DESKTOP-9JRIH4T" failures="0" tests="2" name="com.sam.tests.OrangeHRMTest" time="74.322" errors="0" timestamp="2023-05-26T08:13:28 IST" skipped="0">
  <testcase classname="com.sam.tests.OrangeHRMTest" name="loginLogoutTest" time="38.170"/>
  <system-out/>
  <testcase classname="com.sam.tests.OrangeHRMTest" name="loginLogoutTest" time="36.152"/>
  <system-out/>
</testsuite> <!-- com.sam.tests.OrangeHRMTest -->
