<?xml version="1.0" encoding="UTF-8"?>
<!-- Generated by org.testng.reporters.JUnitReportReporter -->
<testsuite hostname="DESKTOP-9JRIH4T" failures="0" tests="1" name="Wait.Practice" time="15.907" errors="0" timestamp="2023-05-18T13:19:28 IST" skipped="0">
  <testcase classname="Wait.Practice" name="test" time="15.907"/>
  <system-out/>
</testsuite> <!-- Wait.Practice -->
