<?xml version="1.0" encoding="UTF-8"?>
<!-- Generated by org.testng.reporters.JUnitReportReporter -->
<testsuite hostname="DESKTOP-9JRIH4T" failures="0" tests="1" name="com.sam.tests.HomePageTest" time="14.866" errors="0" timestamp="2023-05-13T22:25:11 IST" skipped="0">
  <testcase classname="com.sam.tests.HomePageTest" name="loginTest1" time="14.866"/>
  <system-out/>
</testsuite> <!-- com.sam.tests.HomePageTest -->
