<?xml version="1.0" encoding="UTF-8"?>
<!-- Generated by org.testng.reporters.JUnitReportReporter -->
<testsuite hostname="DESKTOP-9JRIH4T" failures="0" tests="1" name="org.sam.dataproviderprac.DataProviderUsingJSON" time="0.019" errors="0" timestamp="2023-05-20T12:22:08 IST" skipped="0">
  <testcase classname="org.sam.dataproviderprac.DataProviderUsingJSON" name="jsonTest" time="0.019"/>
  <system-out/>
</testsuite> <!-- org.sam.dataproviderprac.DataProviderUsingJSON -->
