<?xml version="1.0" encoding="UTF-8"?>
<!-- Generated by org.testng.reporters.JUnitReportReporter -->
<testsuite hostname="DESKTOP-9JRIH4T" failures="0" tests="1" name="com.sam.tests.HomePageTest" time="19.777" errors="0" timestamp="2023-05-15T08:34:07 IST" skipped="0">
  <testcase classname="com.sam.tests.HomePageTest" name="loginTest1" time="19.777"/>
  <system-out/>
</testsuite> <!-- com.sam.tests.HomePageTest -->
