<?xml version="1.0" encoding="UTF-8"?>
<!-- Generated by org.testng.reporters.JUnitReportReporter -->
<testsuite hostname="DESKTOP-9JRIH4T" failures="0" tests="1" name="com.sam.tests.OrangeHRMTest" time="33.703" errors="0" timestamp="2023-05-17T21:22:50 IST" skipped="0">
  <testcase classname="com.sam.tests.OrangeHRMTest" name="loginLogoutTest" time="33.703"/>
  <system-out/>
</testsuite> <!-- com.sam.tests.OrangeHRMTest -->
