<?xml version="1.0" encoding="UTF-8"?>
<!-- Generated by org.testng.reporters.JUnitReportReporter -->
<testsuite hostname="DESKTOP-9JRIH4T" failures="0" tests="8" name="org.sam.dataprovider.DataProviderWithExcel" time="0.043" errors="0" timestamp="2023-05-20T09:09:23 IST" skipped="0">
  <testcase classname="org.sam.dataprovider.DataProviderWithExcel" name="test2" time="0.002"/>
  <system-out/>
  <testcase classname="org.sam.dataprovider.DataProviderWithExcel" name="test2" time="0.003"/>
  <system-out/>
  <testcase classname="org.sam.dataprovider.DataProviderWithExcel" name="test2" time="0.002"/>
  <system-out/>
  <testcase classname="org.sam.dataprovider.DataProviderWithExcel" name="test2" time="0.003"/>
  <system-out/>
  <testcase classname="org.sam.dataprovider.DataProviderWithExcel" name="test1" time="0.003"/>
  <system-out/>
  <testcase classname="org.sam.dataprovider.DataProviderWithExcel" name="test1" time="0.014"/>
  <system-out/>
  <testcase classname="org.sam.dataprovider.DataProviderWithExcel" name="test1" time="0.012"/>
  <system-out/>
  <testcase classname="org.sam.dataprovider.DataProviderWithExcel" name="test1" time="0.004"/>
  <system-out/>
</testsuite> <!-- org.sam.dataprovider.DataProviderWithExcel -->
