<?xml version="1.0" encoding="UTF-8"?>
<!-- Generated by org.testng.reporters.JUnitReportReporter -->
<testsuite hostname="DESKTOP-9JRIH4T" failures="0" tests="1" name="com.sam.newtest.LoginTest" time="13.593" errors="0" timestamp="2023-05-16T16:24:17 IST" skipped="0">
  <testcase classname="com.sam.newtest.LoginTest" name="loginTest" time="13.593"/>
  <system-out/>
</testsuite> <!-- com.sam.newtest.LoginTest -->
