<?xml version="1.0" encoding="UTF-8"?>
<!-- Generated by org.testng.reporters.JUnitReportReporter -->
<testsuite hostname="DESKTOP-9JRIH4T" failures="0" tests="1" name="com.sam.tests.NseData" time="7.493" errors="0" timestamp="2023-05-23T12:41:04 IST" skipped="0">
  <testcase classname="com.sam.tests.NseData" name="test1" time="7.493"/>
  <system-out/>
</testsuite> <!-- com.sam.tests.NseData -->
