<?xml version="1.0" encoding="UTF-8"?>
<!-- Generated by org.testng.reporters.JUnitReportReporter -->
<testsuite hostname="DESKTOP-9JRIH4T" failures="0" tests="1" name="com.sam.tests.ChartLinks" time="14.172" errors="0" timestamp="2023-05-23T17:02:24 IST" skipped="0">
  <testcase classname="com.sam.tests.ChartLinks" name="test1" time="14.172"/>
  <system-out/>
</testsuite> <!-- com.sam.tests.ChartLinks -->
