<?xml version="1.0" encoding="UTF-8"?>
<!-- Generated by org.testng.reporters.JUnitReportReporter -->
<testsuite hostname="DESKTOP-9JRIH4T" failures="0" tests="1" name="ExtendsReport.ExtendReportDemo" time="3.008" errors="0" timestamp="2023-05-25T07:19:52 IST" skipped="0">
  <testcase classname="ExtendsReport.ExtendReportDemo" name="test1" time="3.008"/>
  <system-out/>
</testsuite> <!-- ExtendsReport.ExtendReportDemo -->
