<?xml version="1.0" encoding="UTF-8"?>
<!-- Generated by org.testng.reporters.JUnitReportReporter -->
<testsuite hostname="DESKTOP-9JRIH4T" failures="0" tests="6" name="org.sam.dataprovider.DataProviderTest" time="0.052" errors="0" timestamp="2023-05-19T21:02:34 IST" skipped="0">
  <testcase classname="org.sam.dataprovider.DataProviderTest" name="test1" time="0.008"/>
  <system-out/>
  <testcase classname="org.sam.dataprovider.DataProviderTest" name="test1" time="0.003"/>
  <system-out/>
  <testcase classname="org.sam.dataprovider.DataProviderTest" name="test" time="0.017"/>
  <system-out/>
  <testcase classname="org.sam.dataprovider.DataProviderTest" name="test" time="0.012"/>
  <system-out/>
  <testcase classname="org.sam.dataprovider.DataProviderTest" name="test" time="0.006"/>
  <system-out/>
  <testcase classname="org.sam.dataprovider.DataProviderTest" name="test1" time="0.006"/>
  <system-out/>
</testsuite> <!-- org.sam.dataprovider.DataProviderTest -->
